<<<<<<< HEAD
This is pdfTeX, Version 3.14159265-2.6-1.40.17 (TeX Live 2016) (preloaded format=pdflatex 2016.5.22)  19 SEP 2016 11:58
=======
This is pdfTeX, Version 3.1415926-2.5-1.40.14 (TeX Live 2013) (format=pdflatex 2013.5.30)  19 SEP 2016 11:59
>>>>>>> 9b3449ee61642ab697d2341e7f37ef760ac928aa
entering extended mode
 \write18 enabled.
 %&-line parsing enabled.
**ces2016
(./ces2016.tex
LaTeX2e <2016/03/31>
Babel <3.9r> and hyphenation patterns for 83 language(s) loaded.
(./IEEEtran.cls
Document Class: IEEEtran 2014/09/17 V1.8a by Michael Shell
-- See the "IEEEtran_HOWTO" manual for usage information.
-- http://www.michaelshell.org/tex/ieeetran/
\@IEEEtrantmpdimenA=\dimen102
\@IEEEtrantmpdimenB=\dimen103
\@IEEEtrantmpdimenC=\dimen104
\@IEEEtrantmpcountA=\count79
\@IEEEtrantmpcountB=\count80
\@IEEEtrantmpcountC=\count81
\@IEEEtrantmptoksA=\toks14
LaTeX Font Info:    Try loading font information for OT1+ptm on input line 458.

(/usr/local/texlive/2016/texmf-dist/tex/latex/psnfss/ot1ptm.fd
File: ot1ptm.fd 2001/06/04 font definitions for OT1/ptm.
)
-- Using 8.5in x 11in (letter) paper.
-- Using PDF output.
\@IEEEnormalsizeunitybaselineskip=\dimen105
-- This is a 10 point document.
\CLASSINFOnormalsizebaselineskip=\dimen106
\CLASSINFOnormalsizeunitybaselineskip=\dimen107
\IEEEnormaljot=\dimen108
LaTeX Font Info:    Font shape `OT1/ptm/bx/n' in size <5> not available
(Font)              Font shape `OT1/ptm/b/n' tried instead on input line 1039.
LaTeX Font Info:    Font shape `OT1/ptm/bx/it' in size <5> not available
(Font)              Font shape `OT1/ptm/b/it' tried instead on input line 1039.

LaTeX Font Info:    Font shape `OT1/ptm/bx/n' in size <7> not available
(Font)              Font shape `OT1/ptm/b/n' tried instead on input line 1039.
LaTeX Font Info:    Font shape `OT1/ptm/bx/it' in size <7> not available
(Font)              Font shape `OT1/ptm/b/it' tried instead on input line 1039.

LaTeX Font Info:    Font shape `OT1/ptm/bx/n' in size <8> not available
(Font)              Font shape `OT1/ptm/b/n' tried instead on input line 1039.
LaTeX Font Info:    Font shape `OT1/ptm/bx/it' in size <8> not available
(Font)              Font shape `OT1/ptm/b/it' tried instead on input line 1039.

LaTeX Font Info:    Font shape `OT1/ptm/bx/n' in size <9> not available
(Font)              Font shape `OT1/ptm/b/n' tried instead on input line 1039.
LaTeX Font Info:    Font shape `OT1/ptm/bx/it' in size <9> not available
(Font)              Font shape `OT1/ptm/b/it' tried instead on input line 1039.

LaTeX Font Info:    Font shape `OT1/ptm/bx/n' in size <10> not available
(Font)              Font shape `OT1/ptm/b/n' tried instead on input line 1039.
LaTeX Font Info:    Font shape `OT1/ptm/bx/it' in size <10> not available
(Font)              Font shape `OT1/ptm/b/it' tried instead on input line 1039.

LaTeX Font Info:    Font shape `OT1/ptm/bx/n' in size <11> not available
(Font)              Font shape `OT1/ptm/b/n' tried instead on input line 1039.
LaTeX Font Info:    Font shape `OT1/ptm/bx/it' in size <11> not available
(Font)              Font shape `OT1/ptm/b/it' tried instead on input line 1039.

LaTeX Font Info:    Font shape `OT1/ptm/bx/n' in size <12> not available
(Font)              Font shape `OT1/ptm/b/n' tried instead on input line 1039.
LaTeX Font Info:    Font shape `OT1/ptm/bx/it' in size <12> not available
(Font)              Font shape `OT1/ptm/b/it' tried instead on input line 1039.

LaTeX Font Info:    Font shape `OT1/ptm/bx/n' in size <17> not available
(Font)              Font shape `OT1/ptm/b/n' tried instead on input line 1039.
LaTeX Font Info:    Font shape `OT1/ptm/bx/it' in size <17> not available
(Font)              Font shape `OT1/ptm/b/it' tried instead on input line 1039.

LaTeX Font Info:    Font shape `OT1/ptm/bx/n' in size <20> not available
(Font)              Font shape `OT1/ptm/b/n' tried instead on input line 1039.
LaTeX Font Info:    Font shape `OT1/ptm/bx/it' in size <20> not available
(Font)              Font shape `OT1/ptm/b/it' tried instead on input line 1039.

LaTeX Font Info:    Font shape `OT1/ptm/bx/n' in size <24> not available
(Font)              Font shape `OT1/ptm/b/n' tried instead on input line 1039.
LaTeX Font Info:    Font shape `OT1/ptm/bx/it' in size <24> not available
(Font)              Font shape `OT1/ptm/b/it' tried instead on input line 1039.

\IEEEquantizedlength=\dimen109
\IEEEquantizedlengthdiff=\dimen110
\IEEEquantizedtextheightdiff=\dimen111
\IEEEilabelindentA=\dimen112
\IEEEilabelindentB=\dimen113
\IEEEilabelindent=\dimen114
\IEEEelabelindent=\dimen115
\IEEEdlabelindent=\dimen116
\IEEElabelindent=\dimen117
\IEEEiednormlabelsep=\dimen118
\IEEEiedmathlabelsep=\dimen119
\IEEEiedtopsep=\skip41
\c@section=\count82
\c@subsection=\count83
\c@subsubsection=\count84
\c@paragraph=\count85
\c@IEEEsubequation=\count86
\abovecaptionskip=\skip42
\belowcaptionskip=\skip43
\c@figure=\count87
\c@table=\count88
\@IEEEeqnnumcols=\count89
\@IEEEeqncolcnt=\count90
\@IEEEsubeqnnumrollback=\count91
\@IEEEquantizeheightA=\dimen120
\@IEEEquantizeheightB=\dimen121
\@IEEEquantizeheightC=\dimen122
\@IEEEquantizeprevdepth=\dimen123
\@IEEEquantizemultiple=\count92
\@IEEEquantizeboxA=\box26
\@IEEEtmpitemindent=\dimen124
\c@IEEEbiography=\count93
\@IEEEtranrubishbin=\box27
) (/usr/local/texlive/2016/texmf-dist/tex/latex/cite/cite.sty
LaTeX Info: Redefining \cite on input line 302.
LaTeX Info: Redefining \nocite on input line 332.
Package: cite 2015/02/27  v 5.5
)
(/usr/local/texlive/2016/texmf-dist/tex/latex/graphics/graphicx.sty
Package: graphicx 2014/10/28 v1.0g Enhanced LaTeX Graphics (DPC,SPQR)

(/usr/local/texlive/2016/texmf-dist/tex/latex/graphics/keyval.sty
Package: keyval 2014/10/28 v1.15 key=value parser (DPC)
\KV@toks@=\toks15
)
(/usr/local/texlive/2016/texmf-dist/tex/latex/graphics/graphics.sty
Package: graphics 2016/05/09 v1.0r Standard LaTeX Graphics (DPC,SPQR)

(/usr/local/texlive/2016/texmf-dist/tex/latex/graphics/trig.sty
Package: trig 2016/01/03 v1.10 sin cos tan (DPC)
)
(/usr/local/texlive/2016/texmf-dist/tex/latex/graphics-cfg/graphics.cfg
File: graphics.cfg 2016/01/02 v1.10 sample graphics configuration
)
Package graphics Info: Driver file: pdftex.def on input line 96.

(/usr/local/texlive/2016/texmf-dist/tex/latex/pdftex-def/pdftex.def
File: pdftex.def 2011/05/27 v0.06d Graphics/color for pdfTeX

(/usr/local/texlive/2016/texmf-dist/tex/generic/oberdiek/infwarerr.sty
Package: infwarerr 2016/05/16 v1.4 Providing info/warning/error messages (HO)
)
(/usr/local/texlive/2016/texmf-dist/tex/generic/oberdiek/ltxcmds.sty
Package: ltxcmds 2016/05/16 v1.23 LaTeX kernel commands for general use (HO)
)
\Gread@gobject=\count94
))
\Gin@req@height=\dimen125
\Gin@req@width=\dimen126
)
(/usr/local/texlive/2016/texmf-dist/tex/latex/xcolor/xcolor.sty
Package: xcolor 2016/05/11 v2.12 LaTeX color extensions (UK)

(/usr/local/texlive/2016/texmf-dist/tex/latex/graphics-cfg/color.cfg
File: color.cfg 2016/01/02 v1.6 sample color configuration
)
Package xcolor Info: Driver file: pdftex.def on input line 225.
Package xcolor Info: Model `cmy' substituted by `cmy0' on input line 1348.
Package xcolor Info: Model `hsb' substituted by `rgb' on input line 1352.
Package xcolor Info: Model `RGB' extended on input line 1364.
Package xcolor Info: Model `HTML' substituted by `rgb' on input line 1366.
Package xcolor Info: Model `Hsb' substituted by `hsb' on input line 1367.
Package xcolor Info: Model `tHsb' substituted by `hsb' on input line 1368.
Package xcolor Info: Model `HSB' substituted by `hsb' on input line 1369.
Package xcolor Info: Model `Gray' substituted by `gray' on input line 1370.
Package xcolor Info: Model `wave' substituted by `hsb' on input line 1371.
)
(/usr/local/texlive/2016/texmf-dist/tex/latex/tcolorbox/tcolorbox.sty
Package: tcolorbox 2016/04/27 version 3.91 text color boxes

(/usr/local/texlive/2016/texmf-dist/tex/latex/pgf/basiclayer/pgf.sty
(/usr/local/texlive/2016/texmf-dist/tex/latex/pgf/utilities/pgfrcs.sty
(/usr/local/texlive/2016/texmf-dist/tex/generic/pgf/utilities/pgfutil-common.te
x
\pgfutil@everybye=\toks16
\pgfutil@tempdima=\dimen127
\pgfutil@tempdimb=\dimen128

(/usr/local/texlive/2016/texmf-dist/tex/generic/pgf/utilities/pgfutil-common-li
sts.tex))
(/usr/local/texlive/2016/texmf-dist/tex/generic/pgf/utilities/pgfutil-latex.def
\pgfutil@abb=\box28
(/usr/local/texlive/2016/texmf-dist/tex/latex/ms/everyshi.sty
Package: everyshi 2001/05/15 v3.00 EveryShipout Package (MS)
))
(/usr/local/texlive/2016/texmf-dist/tex/generic/pgf/utilities/pgfrcs.code.tex
Package: pgfrcs 2015/08/07 v3.0.1a (rcs-revision 1.31)
))
Package: pgf 2015/08/07 v3.0.1a (rcs-revision 1.15)
(/usr/local/texlive/2016/texmf-dist/tex/latex/pgf/basiclayer/pgfcore.sty
(/usr/local/texlive/2016/texmf-dist/tex/latex/pgf/systemlayer/pgfsys.sty
(/usr/local/texlive/2016/texmf-dist/tex/generic/pgf/systemlayer/pgfsys.code.tex
Package: pgfsys 2014/07/09 v3.0.1a (rcs-revision 1.48)
(/usr/local/texlive/2016/texmf-dist/tex/generic/pgf/utilities/pgfkeys.code.tex
\pgfkeys@pathtoks=\toks17
\pgfkeys@temptoks=\toks18

(/usr/local/texlive/2016/texmf-dist/tex/generic/pgf/utilities/pgfkeysfiltered.c
ode.tex
\pgfkeys@tmptoks=\toks19
))
\pgf@x=\dimen129
\pgf@y=\dimen130
\pgf@xa=\dimen131
\pgf@ya=\dimen132
\pgf@xb=\dimen133
\pgf@yb=\dimen134
\pgf@xc=\dimen135
\pgf@yc=\dimen136
\w@pgf@writea=\write3
\r@pgf@reada=\read1
\c@pgf@counta=\count95
\c@pgf@countb=\count96
\c@pgf@countc=\count97
\c@pgf@countd=\count98
\t@pgf@toka=\toks20
\t@pgf@tokb=\toks21
\t@pgf@tokc=\toks22

(/usr/local/texlive/2016/texmf-dist/tex/generic/pgf/systemlayer/pgf.cfg
File: pgf.cfg 2008/05/14  (rcs-revision 1.7)
)
Driver file for pgf: pgfsys-pdftex.def

(/usr/local/texlive/2016/texmf-dist/tex/generic/pgf/systemlayer/pgfsys-pdftex.d
ef
File: pgfsys-pdftex.def 2014/10/11  (rcs-revision 1.35)

(/usr/local/texlive/2016/texmf-dist/tex/generic/pgf/systemlayer/pgfsys-common-p
df.def
File: pgfsys-common-pdf.def 2013/10/10  (rcs-revision 1.13)
)))
(/usr/local/texlive/2016/texmf-dist/tex/generic/pgf/systemlayer/pgfsyssoftpath.
code.tex
File: pgfsyssoftpath.code.tex 2013/09/09  (rcs-revision 1.9)
\pgfsyssoftpath@smallbuffer@items=\count99
\pgfsyssoftpath@bigbuffer@items=\count100
)
(/usr/local/texlive/2016/texmf-dist/tex/generic/pgf/systemlayer/pgfsysprotocol.
code.tex
File: pgfsysprotocol.code.tex 2006/10/16  (rcs-revision 1.4)
))
(/usr/local/texlive/2016/texmf-dist/tex/generic/pgf/basiclayer/pgfcore.code.tex
Package: pgfcore 2010/04/11 v3.0.1a (rcs-revision 1.7)
(/usr/local/texlive/2016/texmf-dist/tex/generic/pgf/math/pgfmath.code.tex
(/usr/local/texlive/2016/texmf-dist/tex/generic/pgf/math/pgfmathcalc.code.tex
(/usr/local/texlive/2016/texmf-dist/tex/generic/pgf/math/pgfmathutil.code.tex)
(/usr/local/texlive/2016/texmf-dist/tex/generic/pgf/math/pgfmathparser.code.tex
\pgfmath@dimen=\dimen137
\pgfmath@count=\count101
\pgfmath@box=\box29
\pgfmath@toks=\toks23
\pgfmath@stack@operand=\toks24
\pgfmath@stack@operation=\toks25
)
(/usr/local/texlive/2016/texmf-dist/tex/generic/pgf/math/pgfmathfunctions.code.
tex
(/usr/local/texlive/2016/texmf-dist/tex/generic/pgf/math/pgfmathfunctions.basic
.code.tex)
(/usr/local/texlive/2016/texmf-dist/tex/generic/pgf/math/pgfmathfunctions.trigo
nometric.code.tex)
(/usr/local/texlive/2016/texmf-dist/tex/generic/pgf/math/pgfmathfunctions.rando
m.code.tex)
(/usr/local/texlive/2016/texmf-dist/tex/generic/pgf/math/pgfmathfunctions.compa
rison.code.tex)
(/usr/local/texlive/2016/texmf-dist/tex/generic/pgf/math/pgfmathfunctions.base.
code.tex)
(/usr/local/texlive/2016/texmf-dist/tex/generic/pgf/math/pgfmathfunctions.round
.code.tex)
(/usr/local/texlive/2016/texmf-dist/tex/generic/pgf/math/pgfmathfunctions.misc.
code.tex)
(/usr/local/texlive/2016/texmf-dist/tex/generic/pgf/math/pgfmathfunctions.integ
erarithmetics.code.tex)))
(/usr/local/texlive/2016/texmf-dist/tex/generic/pgf/math/pgfmathfloat.code.tex
\c@pgfmathroundto@lastzeros=\count102
))
(/usr/local/texlive/2016/texmf-dist/tex/generic/pgf/basiclayer/pgfcorepoints.co
de.tex
File: pgfcorepoints.code.tex 2013/10/07  (rcs-revision 1.27)
\pgf@picminx=\dimen138
\pgf@picmaxx=\dimen139
\pgf@picminy=\dimen140
\pgf@picmaxy=\dimen141
\pgf@pathminx=\dimen142
\pgf@pathmaxx=\dimen143
\pgf@pathminy=\dimen144
\pgf@pathmaxy=\dimen145
\pgf@xx=\dimen146
\pgf@xy=\dimen147
\pgf@yx=\dimen148
\pgf@yy=\dimen149
\pgf@zx=\dimen150
\pgf@zy=\dimen151
)
(/usr/local/texlive/2016/texmf-dist/tex/generic/pgf/basiclayer/pgfcorepathconst
ruct.code.tex
File: pgfcorepathconstruct.code.tex 2013/10/07  (rcs-revision 1.29)
\pgf@path@lastx=\dimen152
\pgf@path@lasty=\dimen153
)
(/usr/local/texlive/2016/texmf-dist/tex/generic/pgf/basiclayer/pgfcorepathusage
.code.tex
File: pgfcorepathusage.code.tex 2014/11/02  (rcs-revision 1.24)
\pgf@shorten@end@additional=\dimen154
\pgf@shorten@start@additional=\dimen155
)
(/usr/local/texlive/2016/texmf-dist/tex/generic/pgf/basiclayer/pgfcorescopes.co
de.tex
File: pgfcorescopes.code.tex 2015/05/08  (rcs-revision 1.46)
\pgfpic=\box30
\pgf@hbox=\box31
\pgf@layerbox@main=\box32
\pgf@picture@serial@count=\count103
)
(/usr/local/texlive/2016/texmf-dist/tex/generic/pgf/basiclayer/pgfcoregraphicst
ate.code.tex
File: pgfcoregraphicstate.code.tex 2014/11/02  (rcs-revision 1.12)
\pgflinewidth=\dimen156
)
(/usr/local/texlive/2016/texmf-dist/tex/generic/pgf/basiclayer/pgfcoretransform
ations.code.tex
File: pgfcoretransformations.code.tex 2015/08/07  (rcs-revision 1.20)
\pgf@pt@x=\dimen157
\pgf@pt@y=\dimen158
\pgf@pt@temp=\dimen159
)
(/usr/local/texlive/2016/texmf-dist/tex/generic/pgf/basiclayer/pgfcorequick.cod
e.tex
File: pgfcorequick.code.tex 2008/10/09  (rcs-revision 1.3)
)
(/usr/local/texlive/2016/texmf-dist/tex/generic/pgf/basiclayer/pgfcoreobjects.c
ode.tex
File: pgfcoreobjects.code.tex 2006/10/11  (rcs-revision 1.2)
)
(/usr/local/texlive/2016/texmf-dist/tex/generic/pgf/basiclayer/pgfcorepathproce
ssing.code.tex
File: pgfcorepathprocessing.code.tex 2013/09/09  (rcs-revision 1.9)
)
(/usr/local/texlive/2016/texmf-dist/tex/generic/pgf/basiclayer/pgfcorearrows.co
de.tex
File: pgfcorearrows.code.tex 2015/05/14  (rcs-revision 1.43)
\pgfarrowsep=\dimen160
)
(/usr/local/texlive/2016/texmf-dist/tex/generic/pgf/basiclayer/pgfcoreshade.cod
e.tex
File: pgfcoreshade.code.tex 2013/07/15  (rcs-revision 1.15)
\pgf@max=\dimen161
\pgf@sys@shading@range@num=\count104
)
(/usr/local/texlive/2016/texmf-dist/tex/generic/pgf/basiclayer/pgfcoreimage.cod
e.tex
File: pgfcoreimage.code.tex 2013/07/15  (rcs-revision 1.18)

(/usr/local/texlive/2016/texmf-dist/tex/generic/pgf/basiclayer/pgfcoreexternal.
code.tex
File: pgfcoreexternal.code.tex 2014/07/09  (rcs-revision 1.21)
\pgfexternal@startupbox=\box33
))
(/usr/local/texlive/2016/texmf-dist/tex/generic/pgf/basiclayer/pgfcorelayers.co
de.tex
File: pgfcorelayers.code.tex 2013/07/18  (rcs-revision 1.7)
)
(/usr/local/texlive/2016/texmf-dist/tex/generic/pgf/basiclayer/pgfcoretranspare
ncy.code.tex
File: pgfcoretransparency.code.tex 2013/09/30  (rcs-revision 1.5)
)
(/usr/local/texlive/2016/texmf-dist/tex/generic/pgf/basiclayer/pgfcorepatterns.
code.tex
File: pgfcorepatterns.code.tex 2013/11/07  (rcs-revision 1.5)
)))
(/usr/local/texlive/2016/texmf-dist/tex/generic/pgf/modules/pgfmoduleshapes.cod
e.tex
File: pgfmoduleshapes.code.tex 2014/03/21  (rcs-revision 1.35)
\pgfnodeparttextbox=\box34
)
(/usr/local/texlive/2016/texmf-dist/tex/generic/pgf/modules/pgfmoduleplot.code.
tex
File: pgfmoduleplot.code.tex 2015/08/03  (rcs-revision 1.13)
)
(/usr/local/texlive/2016/texmf-dist/tex/latex/pgf/compatibility/pgfcomp-version
-0-65.sty
Package: pgfcomp-version-0-65 2007/07/03 v3.0.1a (rcs-revision 1.7)
\pgf@nodesepstart=\dimen162
\pgf@nodesepend=\dimen163
)
(/usr/local/texlive/2016/texmf-dist/tex/latex/pgf/compatibility/pgfcomp-version
-1-18.sty
Package: pgfcomp-version-1-18 2007/07/23 v3.0.1a (rcs-revision 1.1)
)) (/usr/local/texlive/2016/texmf-dist/tex/latex/tools/verbatim.sty
Package: verbatim 2014/10/28 v1.5q LaTeX2e package for verbatim enhancements
\every@verbatim=\toks26
\verbatim@line=\toks27
\verbatim@in@stream=\read2
)
(/usr/local/texlive/2016/texmf-dist/tex/latex/environ/environ.sty
Package: environ 2014/05/04 v0.3 A new way to define environments

(/usr/local/texlive/2016/texmf-dist/tex/latex/trimspaces/trimspaces.sty
Package: trimspaces 2009/09/17 v1.1 Trim spaces around a token list
)
\@envbody=\toks28
)
(/usr/local/texlive/2016/texmf-dist/tex/latex/etoolbox/etoolbox.sty
Package: etoolbox 2015/08/02 v2.2a e-TeX tools for LaTeX (JAW)
\etb@tempcnta=\count105
)
\tcb@titlebox=\box35
\tcb@upperbox=\box36
\tcb@lowerbox=\box37
\tcb@phantombox=\box38
\c@tcbbreakpart=\count106
\c@tcblayer=\count107
\tcolorbox@number=\count108
\tcb@temp=\box39
\tcb@temp=\box40
\tcb@temp=\box41
\tcb@temp=\box42
\tcb@out=\write4
\tcb@record@out=\write5
)
(/usr/local/texlive/2016/texmf-dist/tex/latex/tcolorbox/tcbbreakable.code.tex
Library (tcolorbox): 'tcbbreakable.code.tex' version '3.91'
\tcb@testbox=\box43
\tcb@totalupperbox=\box44
\tcb@totallowerbox=\box45
) (/usr/local/texlive/2016/texmf-dist/tex/latex/soul/soul.sty
Package: soul 2003/11/17 v2.4 letterspacing/underlining (mf)
\SOUL@word=\toks29
\SOUL@lasttoken=\toks30
\SOUL@cmds=\toks31
\SOUL@buffer=\toks32
\SOUL@token=\toks33
\SOUL@spaceskip=\skip44
\SOUL@ttwidth=\dimen164
\SOUL@uldp=\dimen165
\SOUL@ulht=\dimen166
)
(/usr/local/texlive/2016/texmf-dist/tex/generic/ulem/ulem.sty
\UL@box=\box46
\UL@hyphenbox=\box47
\UL@skip=\skip45
\UL@hook=\toks34
\UL@height=\dimen167
\UL@pe=\count109
\UL@pixel=\dimen168
\ULC@box=\box48
Package: ulem 2012/05/18
\ULdepth=\dimen169
)
(/usr/local/texlive/2016/texmf-dist/tex/latex/setspace/setspace.sty
Package: setspace 2011/12/19 v6.7a set line spacing
)
\IBoxA=\box49
\IBoxB=\box50
\IBoxC=\box51
\IHeight=\skip46

(/usr/local/texlive/2016/texmf-dist/tex/latex/amsmath/amsmath.sty
Package: amsmath 2016/03/10 v2.15b AMS math features
\@mathmargin=\skip47

For additional information on amsmath, use the `?' option.
(/usr/local/texlive/2016/texmf-dist/tex/latex/amsmath/amstext.sty
Package: amstext 2000/06/29 v2.01 AMS text

(/usr/local/texlive/2016/texmf-dist/tex/latex/amsmath/amsgen.sty
File: amsgen.sty 1999/11/30 v2.0 generic functions
\@emptytoks=\toks35
\ex@=\dimen170
))
(/usr/local/texlive/2016/texmf-dist/tex/latex/amsmath/amsbsy.sty
Package: amsbsy 1999/11/29 v1.2d Bold Symbols
\pmbraise@=\dimen171
)
(/usr/local/texlive/2016/texmf-dist/tex/latex/amsmath/amsopn.sty
Package: amsopn 2016/03/08 v2.02 operator names
)
\inf@bad=\count110
LaTeX Info: Redefining \frac on input line 199.
\uproot@=\count111
\leftroot@=\count112
LaTeX Info: Redefining \overline on input line 297.
\classnum@=\count113
\DOTSCASE@=\count114
LaTeX Info: Redefining \ldots on input line 394.
LaTeX Info: Redefining \dots on input line 397.
LaTeX Info: Redefining \cdots on input line 518.
\Mathstrutbox@=\box52
\strutbox@=\box53
\big@size=\dimen172
LaTeX Font Info:    Redeclaring font encoding OML on input line 634.
LaTeX Font Info:    Redeclaring font encoding OMS on input line 635.
\macc@depth=\count115
\c@MaxMatrixCols=\count116
\dotsspace@=\muskip10
\c@parentequation=\count117
\dspbrk@lvl=\count118
\tag@help=\toks36
\row@=\count119
\column@=\count120
\maxfields@=\count121
\andhelp@=\toks37
\eqnshift@=\dimen173
\alignsep@=\dimen174
\tagshift@=\dimen175
\tagwidth@=\dimen176
\totwidth@=\dimen177
\lineht@=\dimen178
\@envbody=\toks38
\multlinegap=\skip48
\multlinetaggap=\skip49
\mathdisplay@stack=\toks39
LaTeX Info: Redefining \[ on input line 2739.
LaTeX Info: Redefining \] on input line 2740.
)
(/usr/local/texlive/2016/texmf-dist/tex/latex/tools/bm.sty
Package: bm 2016/02/27 v1.2a Bold Symbol Support (DPC/FMi)
\symboldoperators=\mathgroup4
\symboldletters=\mathgroup5
\symboldsymbols=\mathgroup6
LaTeX Font Info:    Redeclaring math alphabet \mathbf on input line 142.
LaTeX Info: Redefining \bm on input line 208.
)
(/usr/local/texlive/2016/texmf-dist/tex/latex/subfig/subfig.sty
Package: subfig 2005/06/28 ver: 1.3 subfig package

(/usr/local/texlive/2016/texmf-dist/tex/latex/caption/caption3.sty
Package: caption3 2016/02/04 v1.7-139 caption3 kernel (AR)
Package caption3 Info: TeX engine: e-TeX on input line 67.
\captionmargin=\dimen179
\captionmargin@=\dimen180
\captionwidth=\dimen181
\caption@tempdima=\dimen182
\caption@indent=\dimen183
\caption@parindent=\dimen184
\caption@hangindent=\dimen185
Package caption Info: Unknown document class (or package),
(caption)             standard defaults will be used.
)
\c@KVtest=\count122
\sf@farskip=\skip50
\sf@captopadj=\dimen186
\sf@capskip=\skip51
\sf@nearskip=\skip52
\c@subfigure=\count123
\c@subfigure@save=\count124
\c@lofdepth=\count125
\c@subtable=\count126
\c@subtable@save=\count127
\c@lotdepth=\count128
\sf@top=\skip53
\sf@bottom=\skip54
)
<<<<<<< HEAD
(/usr/local/texlive/2016/texmf-dist/tex/latex/base/fixltx2e.sty
Package: fixltx2e 2015/06/22 v2.0b fixes to LaTeX (obsolete)


Package fixltx2e Warning: fixltx2e is not required with releases after 2015
(fixltx2e)                All fixes are now in the LaTeX kernel.
(fixltx2e)                See the latexrelease package for details.

=======
(/usr/local/texlive/2013/texmf-dist/tex/latex/base/fixltx2e.sty
Package: fixltx2e 2006/09/13 v1.1m fixes to LaTeX
LaTeX Info: Redefining \em on input line 420.
>>>>>>> 9b3449ee61642ab697d2341e7f37ef760ac928aa
) (./ces2016.aux)
\openout1 = `ces2016.aux'.

LaTeX Font Info:    Checking defaults for OML/cmm/m/it on input line 408.
LaTeX Font Info:    ... okay on input line 408.
LaTeX Font Info:    Checking defaults for T1/cmr/m/n on input line 408.
LaTeX Font Info:    ... okay on input line 408.
LaTeX Font Info:    Checking defaults for OT1/cmr/m/n on input line 408.
LaTeX Font Info:    ... okay on input line 408.
LaTeX Font Info:    Checking defaults for OMS/cmsy/m/n on input line 408.
LaTeX Font Info:    ... okay on input line 408.
LaTeX Font Info:    Checking defaults for OMX/cmex/m/n on input line 408.
LaTeX Font Info:    ... okay on input line 408.
LaTeX Font Info:    Checking defaults for U/cmr/m/n on input line 408.
LaTeX Font Info:    ... okay on input line 408.

-- Lines per column: 58 (exact).
(/usr/local/texlive/2016/texmf-dist/tex/context/base/mkii/supp-pdf.mkii
[Loading MPS to PDF converter (version 2006.09.02).]
\scratchcounter=\count129
\scratchdimen=\dimen187
\scratchbox=\box54
\nofMPsegments=\count130
\nofMParguments=\count131
\everyMPshowfont=\toks40
\MPscratchCnt=\count132
\MPscratchDim=\dimen188
\MPnumerator=\count133
\makeMPintoPDFobject=\count134
\everyMPtoPDFconversion=\toks41
) (/usr/local/texlive/2016/texmf-dist/tex/generic/oberdiek/pdftexcmds.sty
Package: pdftexcmds 2016/05/10 v0.21 Utility functions of pdfTeX for LuaTeX (HO
)

(/usr/local/texlive/2016/texmf-dist/tex/generic/oberdiek/ifluatex.sty
Package: ifluatex 2016/05/16 v1.4 Provides the ifluatex switch (HO)
Package ifluatex Info: LuaTeX not detected.
)
(/usr/local/texlive/2016/texmf-dist/tex/generic/oberdiek/ifpdf.sty
Package: ifpdf 2016/05/14 v3.1 Provides the ifpdf switch
)
Package pdftexcmds Info: LuaTeX not detected.
Package pdftexcmds Info: \pdf@primitive is available.
Package pdftexcmds Info: \pdf@ifprimitive is available.
Package pdftexcmds Info: \pdfdraftmode found.
)
(/usr/local/texlive/2016/texmf-dist/tex/latex/oberdiek/epstopdf-base.sty
Package: epstopdf-base 2016/05/15 v2.6 Base part for package epstopdf

(/usr/local/texlive/2016/texmf-dist/tex/latex/oberdiek/grfext.sty
Package: grfext 2016/05/16 v1.2 Manage graphics extensions (HO)

(/usr/local/texlive/2016/texmf-dist/tex/generic/oberdiek/kvdefinekeys.sty
Package: kvdefinekeys 2016/05/16 v1.4 Define keys (HO)
))
(/usr/local/texlive/2016/texmf-dist/tex/latex/oberdiek/kvoptions.sty
Package: kvoptions 2016/05/16 v3.12 Key value format for package options (HO)

(/usr/local/texlive/2016/texmf-dist/tex/generic/oberdiek/kvsetkeys.sty
Package: kvsetkeys 2016/05/16 v1.17 Key value parser (HO)

(/usr/local/texlive/2016/texmf-dist/tex/generic/oberdiek/etexcmds.sty
Package: etexcmds 2016/05/16 v1.6 Avoid name clashes with e-TeX commands (HO)
Package etexcmds Info: Could not find \expanded.
(etexcmds)             That can mean that you are not using pdfTeX 1.50 or
(etexcmds)             that some package has redefined \expanded.
(etexcmds)             In the latter case, load this package earlier.
)))
Package grfext Info: Graphics extension search list:
(grfext)             [.pdf,.jpeg,.png,.eps]
(grfext)             \AppendGraphicsExtensions on input line 456.

(/usr/local/texlive/2016/texmf-dist/tex/latex/latexconfig/epstopdf-sys.cfg
File: epstopdf-sys.cfg 2010/07/13 v1.3 Configuration of (r)epstopdf for TeX Liv
e
))
ABD: EveryShipout initializing macros
Package caption Info: Begin \AtBeginDocument code.
Package caption Info: subfig package v1.3 is loaded.
Package caption Info: End \AtBeginDocument code.
<<<<<<< HEAD
LaTeX Font Info:    Try loading font information for OMS+ptm on input line 488.
=======
LaTeX Font Info:    Try loading font information for OMS+ptm on input line 490.
>>>>>>> 9b3449ee61642ab697d2341e7f37ef760ac928aa


(/usr/local/texlive/2016/texmf-dist/tex/latex/psnfss/omsptm.fd
File: omsptm.fd 
)
LaTeX Font Info:    Font shape `OMS/ptm/m/n' in size <8> not available
<<<<<<< HEAD
(Font)              Font shape `OMS/cmsy/m/n' tried instead on input line 488.

Underfull \hbox (badness 4229) in paragraph at lines 488--488
=======
(Font)              Font shape `OMS/cmsy/m/n' tried instead on input line 490.

Underfull \hbox (badness 10000) in paragraph at lines 490--490
[][][]\OT1/ptm/m/n/8 K. Ir-ick is with Sil-i-con-Scapes LLC, PA, USA (email:
 []


Underfull \hbox (badness 4229) in paragraph at lines 490--490
>>>>>>> 9b3449ee61642ab697d2341e7f37ef760ac928aa
[][][]\OT1/ptm/m/n/8 N. Shukla and S. Datta are with the De-part-ment of Elec-t
ri-cal
 []


<<<<<<< HEAD
Underfull \hbox (badness 2698) in paragraph at lines 488--488
=======
Underfull \hbox (badness 2698) in paragraph at lines 490--490
>>>>>>> 9b3449ee61642ab697d2341e7f37ef760ac928aa
\OT1/ptm/m/n/8 En-gi-neer-ing, Uni-ver-sity of Notre Dame, IN, USA (email: \OMS
/cmsy/m/n/8 f\OT1/ptm/m/n/8 nshukla,
 []

(./src/introduction.tex
pdfTeX warning (Object streams): \pdfobjcompresslevel > 0 requires \pdfminorver
sion > 4. Object streams disabled now.
<./figs/introduction.png, id=4, 770.88pt x 578.16pt>
File: ./figs/introduction.png Graphic file (type png)

<use ./figs/introduction.png>
Package pdftex.def Info: ./figs/introduction.png used on input line 54.
(pdftex.def)             Requested size: 464.39685pt x 299.91847pt.
) (./src/interfaces.tex
LaTeX Font Info:    External font `cmex10' loaded for size
(Font)              <7> on input line 13.
LaTeX Font Info:    External font `cmex10' loaded for size
(Font)              <5> on input line 13.
<<<<<<< HEAD
 [1{/usr/local/texlive/2016/texmf-var/fonts/map/pdftex/updmap/pdftex.map}
=======
 [1{/usr/local/texlive/2013/texmf-var/fonts/map/pdftex/updmap/pdftex.map}
>>>>>>> 9b3449ee61642ab697d2341e7f37ef760ac928aa


]
<./figs/chris_system.jpg, id=14, 2055.68pt x 1541.76pt>
File: ./figs/chris_system.jpg Graphic file (type jpg)

<use ./figs/chris_system.jpg>
<<<<<<< HEAD
Package pdftex.def Info: ./figs/chris_system.jpg used on input line 54.
=======
Package pdftex.def Info: ./figs/chris_system.jpg used on input line 56.
>>>>>>> 9b3449ee61642ab697d2341e7f37ef760ac928aa
(pdftex.def)             Requested size: 226.79846pt x 170.08815pt.
 [2 <./figs/introduction.png>]) (./src/vision.tex
[3 <./figs/chris_system.jpg>]
<./figs/mp1a.jpg, id=27, 335.70581pt x 152.2283pt>
File: ./figs/mp1a.jpg Graphic file (type jpg)
 <use ./figs/mp1a.jpg>
Package pdftex.def Info: ./figs/mp1a.jpg used on input line 35.
(pdftex.def)             Requested size: 126.0pt x 57.13425pt.

<./figs/mp1b.jpg, id=29, 328.3448pt x 153.89871pt>
File: ./figs/mp1b.jpg Graphic file (type jpg)
 <use ./figs/mp1b.jpg>
Package pdftex.def Info: ./figs/mp1b.jpg used on input line 35.
(pdftex.def)             Requested size: 126.0pt x 59.05743pt.

<./figs/mp2a.jpg, id=31, 333.4056pt x 154.6578pt>
File: ./figs/mp2a.jpg Graphic file (type jpg)
 <use ./figs/mp2a.jpg>
Package pdftex.def Info: ./figs/mp2a.jpg used on input line 36.
(pdftex.def)             Requested size: 126.0pt x 58.44727pt.

<./figs/mp2b.jpg, id=33, 330.9966pt x 151.767pt>
File: ./figs/mp2b.jpg Graphic file (type jpg)
 <use ./figs/mp2b.jpg>
Package pdftex.def Info: ./figs/mp2b.jpg used on input line 36.
(pdftex.def)             Requested size: 126.0pt x 57.77162pt.

<./figs/mp3a.jpg, id=35, 331.9602pt x 151.2852pt>
File: ./figs/mp3a.jpg Graphic file (type jpg)
 <use ./figs/mp3a.jpg>
Package pdftex.def Info: ./figs/mp3a.jpg used on input line 37.
(pdftex.def)             Requested size: 126.0pt x 57.42201pt.

<./figs/mp3b.jpg, id=37, 330.033pt x 149.8398pt>
File: ./figs/mp3b.jpg Graphic file (type jpg)
 <use ./figs/mp3b.jpg>
Package pdftex.def Info: ./figs/mp3b.jpg used on input line 37.
(pdftex.def)             Requested size: 126.0pt x 57.20493pt.

<./figs/surf_saliency_orig.png, id=39, 289.5618pt x 192.2382pt>
File: ./figs/surf_saliency_orig.png Graphic file (type png)

<use ./figs/surf_saliency_orig.png>
Package pdftex.def Info: ./figs/surf_saliency_orig.png used on input line 54.
(pdftex.def)             Requested size: 113.39923pt x 75.28645pt.

<./figs/surf_saliency.png, id=41, 289.5618pt x 191.7564pt>
File: ./figs/surf_saliency.png Graphic file (type png)

<use ./figs/surf_saliency.png>
Package pdftex.def Info: ./figs/surf_saliency.png used on input line 54.
(pdftex.def)             Requested size: 113.39923pt x 75.09776pt.

<./figs/scott_img.jpg, id=43, 246.1697pt x 184.43906pt>
File: ./figs/scott_img.jpg Graphic file (type jpg)

<use ./figs/scott_img.jpg>
Package pdftex.def Info: ./figs/scott_img.jpg used on input line 78.
(pdftex.def)             Requested size: 159.95874pt x 119.85019pt.

<./figs/scott_sali.jpg, id=45, 198.7425pt x 157.33781pt>
File: ./figs/scott_sali.jpg Graphic file (type jpg)

<use ./figs/scott_sali.jpg>
Package pdftex.def Info: ./figs/scott_sali.jpg used on input line 78.
(pdftex.def)             Requested size: 154.80157pt x 122.55493pt.

<./figs/scott_roi.jpg, id=47, 328.22626pt x 246.1697pt>
File: ./figs/scott_roi.jpg Graphic file (type jpg)

<use ./figs/scott_roi.jpg>
Package pdftex.def Info: ./figs/scott_roi.jpg used on input line 78.
(pdftex.def)             Requested size: 159.95874pt x 119.97061pt.

<./figs/scott_best_roi.jpg, id=49, 225.84375pt x 169.38281pt>
File: ./figs/scott_best_roi.jpg Graphic file (type jpg)

<use ./figs/scott_best_roi.jpg>
Package pdftex.def Info: ./figs/scott_best_roi.jpg used on input line 80.
(pdftex.def)             Requested size: 159.95874pt x 119.97574pt.

<./figs/scott_surf2.jpg, id=51, 197.98969pt x 147.55125pt>
File: ./figs/scott_surf2.jpg Graphic file (type jpg)

<use ./figs/scott_surf2.jpg>
Package pdftex.def Info: ./figs/scott_surf2.jpg used on input line 80.
(pdftex.def)             Requested size: 154.80157pt x 115.36642pt.

<./figs/scott_mask.jpg, id=53, 96.36pt x 72.7518pt>
File: ./figs/scott_mask.jpg Graphic file (type jpg)

<use ./figs/scott_mask.jpg>
Package pdftex.def Info: ./figs/scott_mask.jpg used on input line 80.
(pdftex.def)             Requested size: 159.95874pt x 120.76903pt.

<./figs/viconetexample.png, id=55, 698.61pt x 499.6266pt>
File: ./figs/viconetexample.png Graphic file (type png)

<use ./figs/viconetexample.png>
Package pdftex.def Info: ./figs/viconetexample.png used on input line 118.
(pdftex.def)             Requested size: 226.79846pt x 162.20137pt.

<./figs/walk_left_p1.png, id=56, 562.1pt x 421.575pt>
File: ./figs/walk_left_p1.png Graphic file (type png)

<use ./figs/walk_left_p1.png>
Package pdftex.def Info: ./figs/walk_left_p1.png used on input line 136.
(pdftex.def)             Requested size: 126.0pt x 94.49648pt.

<./figs/walk_left_p2.png, id=58, 562.1pt x 421.575pt>
File: ./figs/walk_left_p2.png Graphic file (type png)

<use ./figs/walk_left_p2.png>
Package pdftex.def Info: ./figs/walk_left_p2.png used on input line 136.
(pdftex.def)             Requested size: 126.0pt x 94.49648pt.

<./figs/walk_right_p1.png, id=60, 562.1pt x 421.575pt>
File: ./figs/walk_right_p1.png Graphic file (type png)

<use ./figs/walk_right_p1.png>
Package pdftex.def Info: ./figs/walk_right_p1.png used on input line 138.
(pdftex.def)             Requested size: 126.0pt x 94.49648pt.

<./figs/walk_right_p2.png, id=62, 562.1pt x 421.575pt>
File: ./figs/walk_right_p2.png Graphic file (type png)

<use ./figs/walk_right_p2.png>
Package pdftex.def Info: ./figs/walk_right_p2.png used on input line 138.
(pdftex.def)             Requested size: 126.0pt x 94.49648pt.

<./figs/walk_straight_p1.png, id=64, 562.1pt x 421.575pt>
File: ./figs/walk_straight_p1.png Graphic file (type png)

<use ./figs/walk_straight_p1.png>
Package pdftex.def Info: ./figs/walk_straight_p1.png used on input line 140.
(pdftex.def)             Requested size: 126.0pt x 94.49648pt.

<./figs/walk_straight_p2.png, id=66, 562.1pt x 421.575pt>
File: ./figs/walk_straight_p2.png Graphic file (type png)

<use ./figs/walk_straight_p2.png>
Package pdftex.def Info: ./figs/walk_straight_p2.png used on input line 140.
(pdftex.def)             Requested size: 126.0pt x 94.49648pt.

Overfull \hbox (3.50006pt too wide) in paragraph at lines 134--143
 [][] 
 []

) (./src/hardware.tex [4 <./figs/mp1a.jpg> <./figs/mp1b.jpg> <./figs/mp2a.jpg> 
<./figs/mp2b.jpg> <./figs/mp3a.jpg> <./figs/mp3b.jpg> <./figs/surf_saliency_ori
g.png> <./figs/surf_saliency.png>]
<<<<<<< HEAD
=======
Underfull \vbox (badness 1400) has occurred while \output is active []


>>>>>>> 9b3449ee61642ab697d2341e7f37ef760ac928aa

LaTeX Warning: Text page 5 contains only floats.


Overfull \vbox (6.78946pt too high) has occurred while \output is active []


[5 <./figs/scott_img.jpg> <./figs/scott_sali.jpg> <./figs/scott_roi.jpg> <./fig
s/scott_best_roi.jpg> <./figs/scott_surf2.jpg> <./figs/scott_mask.jpg> <./figs/
walk_left_p1.png (PNG copy)> <./figs/walk_left_p2.png (PNG copy)> <./figs/walk_
right_p1.png (PNG copy)> <./figs/walk_right_p2.png (PNG copy)> <./figs/walk_str
aight_p1.png (PNG copy)> <./figs/walk_straight_p2.png (PNG copy)> <./figs/vicon
etexample.png>] <./figs/oc_image_00000596_0.png, id=97, 642.4pt x 481.8pt>
File: ./figs/oc_image_00000596_0.png Graphic file (type png)

<use ./figs/oc_image_00000596_0.png>
Package pdftex.def Info: ./figs/oc_image_00000596_0.png used on input line 41.
(pdftex.def)             Requested size: 113.52063pt x 85.13965pt.

<./figs/hwpedro_122000_image_00000596_0.png, id=99, 642.4pt x 481.8pt>
File: ./figs/hwpedro_122000_image_00000596_0.png Graphic file (type png)

<use ./figs/hwpedro_122000_image_00000596_0.png>
Package pdftex.def Info: ./figs/hwpedro_122000_image_00000596_0.png used on inp
ut line 41.
(pdftex.def)             Requested size: 113.52063pt x 85.13965pt.

<./figs/hwpedro_61000_image_00000596_0.png, id=101, 642.4pt x 481.8pt>
File: ./figs/hwpedro_61000_image_00000596_0.png Graphic file (type png)

<use ./figs/hwpedro_61000_image_00000596_0.png>
Package pdftex.def Info: ./figs/hwpedro_61000_image_00000596_0.png used on inpu
t line 41.
(pdftex.def)             Requested size: 113.52063pt x 85.13965pt.

<./figs/cnn_image_00000596_0.png, id=103, 642.4pt x 481.8pt>
File: ./figs/cnn_image_00000596_0.png Graphic file (type png)

<use ./figs/cnn_image_00000596_0.png>
Package pdftex.def Info: ./figs/cnn_image_00000596_0.png used on input line 41.

(pdftex.def)             Requested size: 113.52063pt x 85.13965pt.

<./figs/tn_input_46.png, id=105, 1058.95625pt x 882.29625pt>
File: ./figs/tn_input_46.png Graphic file (type png)

<use ./figs/tn_input_46.png>
Package pdftex.def Info: ./figs/tn_input_46.png used on input line 96.
(pdftex.def)             Requested size: 149.63654pt x 124.66496pt.

<./figs/tn_dotp_46.jpg, id=107, 124.465pt x 94.3525pt>
File: ./figs/tn_dotp_46.jpg Graphic file (type jpg)

<use ./figs/tn_dotp_46.jpg>
Package pdftex.def Info: ./figs/tn_dotp_46.jpg used on input line 96.
(pdftex.def)             Requested size: 165.12378pt x 125.18488pt.

<./figs/tn_detection_46.jpg, id=109, 1058.95625pt x 882.29625pt>
File: ./figs/tn_detection_46.jpg Graphic file (type jpg)

<use ./figs/tn_detection_46.jpg>
Package pdftex.def Info: ./figs/tn_detection_46.jpg used on input line 96.
(pdftex.def)             Requested size: 149.63654pt x 124.66496pt.

<./figs/oscillators.png, id=111, 510.708pt x 477.4638pt>
File: ./figs/oscillators.png Graphic file (type png)

<use ./figs/oscillators.png>
Package pdftex.def Info: ./figs/oscillators.png used on input line 126.
(pdftex.def)             Requested size: 226.79846pt x 212.02994pt.
<<<<<<< HEAD
) (./src/conclusion.tex) [6]
Underfull \vbox (badness 10000) has occurred while \output is active []


(./ces2016.bbl [7 <./figs/oc_image_00000596_0.png (PNG copy)> <./figs/hwpedro_1
22000_image_00000596_0.png (PNG copy)> <./figs/hwpedro_61000_image_00000596_0.p
ng (PNG copy)> <./figs/cnn_image_00000596_0.png (PNG copy)> <./figs/tn_input_46
.png (PNG copy)> <./figs/tn_dotp_46.jpg> <./figs/tn_detection_46.jpg> <./figs/o
scillators.png>]) [8] (./ces2016.aux) ) 
Here is how much of TeX's memory you used:
 13864 strings out of 493014
 272498 string characters out of 6133351
 324690 words of memory out of 5000000
 17104 multiletter control sequences out of 15000+600000
 40780 words of font info for 79 fonts, out of 8000000 for 9000
 1144 hyphenation exceptions out of 8191
 54i,12n,73p,831b,342s stack positions out of 5000i,500n,10000p,200000b,80000s
{/usr/local/texlive/2016/texmf-dist/font
s/enc/dvips/base/8r.enc}</usr/local/texlive/2016/texmf-dist/fonts/type1/public/
amsfonts/cm/cmmi10.pfb></usr/local/texlive/2016/texmf-dist/fonts/type1/public/a
msfonts/cm/cmr7.pfb></usr/local/texlive/2016/texmf-dist/fonts/type1/public/amsf
onts/cm/cmsy10.pfb></usr/local/texlive/2016/texmf-dist/fonts/type1/public/amsfo
nts/cm/cmsy7.pfb></usr/local/texlive/2016/texmf-dist/fonts/type1/public/amsfont
s/cm/cmsy8.pfb></usr/local/texlive/2016/texmf-dist/fonts/type1/urw/times/utmb8a
.pfb></usr/local/texlive/2016/texmf-dist/fonts/type1/urw/times/utmr8a.pfb></usr
/local/texlive/2016/texmf-dist/fonts/type1/urw/times/utmri8a.pfb>
Output written on ces2016.pdf (8 pages, 11404394 bytes).
=======
) (./src/conclusion.tex) [6] (./ces2016.bbl
[7 <./figs/oc_image_00000596_0.png (PNG copy)> <./figs/hwpedro_122000_image_000
00596_0.png (PNG copy)> <./figs/hwpedro_61000_image_00000596_0.png (PNG copy)> 
<./figs/cnn_image_00000596_0.png (PNG copy)> <./figs/tn_input_46.png (PNG copy)
> <./figs/tn_dotp_46.jpg> <./figs/tn_detection_46.jpg> <./figs/oscillators.png>
]) [8] (./ces2016.aux) ) 
Here is how much of TeX's memory you used:
 11304 strings out of 493315
 205728 string characters out of 6137904
 263831 words of memory out of 5000000
 14472 multiletter control sequences out of 15000+600000
 40780 words of font info for 79 fonts, out of 8000000 for 9000
 960 hyphenation exceptions out of 8191
 55i,12n,55p,471b,342s stack positions out of 5000i,500n,10000p,200000b,80000s
{/usr/local/texlive/2013/texmf-dist/fonts/enc/dvips/bas
e/8r.enc}</usr/local/texlive/2013/texmf-dist/fonts/type1/public/amsfonts/cm/cmm
i10.pfb></usr/local/texlive/2013/texmf-dist/fonts/type1/public/amsfonts/cm/cmr7
.pfb></usr/local/texlive/2013/texmf-dist/fonts/type1/public/amsfonts/cm/cmsy10.
pfb></usr/local/texlive/2013/texmf-dist/fonts/type1/public/amsfonts/cm/cmsy7.pf
b></usr/local/texlive/2013/texmf-dist/fonts/type1/public/amsfonts/cm/cmsy8.pfb>
</usr/local/texlive/2013/texmf-dist/fonts/type1/urw/times/utmb8a.pfb></usr/loca
l/texlive/2013/texmf-dist/fonts/type1/urw/times/utmr8a.pfb></usr/local/texlive/
2013/texmf-dist/fonts/type1/urw/times/utmri8a.pfb>
Output written on ces2016.pdf (8 pages, 11405249 bytes).
>>>>>>> 9b3449ee61642ab697d2341e7f37ef760ac928aa
PDF statistics:
 162 PDF objects out of 1000 (max. 8388607)
 0 named destinations out of 1000 (max. 500000)
 348 words of extra memory for PDF output out of 10000 (max. 10000000)

